mode: set
github.com/miketmoore/pathfinding/dijkstra.go:8.83,31.90 2 0
github.com/miketmoore/pathfinding/dijkstra.go:42.2,42.48 1 0
github.com/miketmoore/pathfinding/dijkstra.go:54.2,57.47 2 0
github.com/miketmoore/pathfinding/dijkstra.go:108.2,108.37 1 0
github.com/miketmoore/pathfinding/dijkstra.go:31.90,33.38 1 0
github.com/miketmoore/pathfinding/dijkstra.go:39.3,39.13 1 0
github.com/miketmoore/pathfinding/dijkstra.go:33.38,35.11 2 0
github.com/miketmoore/pathfinding/dijkstra.go:35.11,37.5 1 0
github.com/miketmoore/pathfinding/dijkstra.go:42.48,44.36 2 0
github.com/miketmoore/pathfinding/dijkstra.go:51.3,51.18 1 0
github.com/miketmoore/pathfinding/dijkstra.go:44.36,45.32 1 0
github.com/miketmoore/pathfinding/dijkstra.go:45.32,47.5 1 0
github.com/miketmoore/pathfinding/dijkstra.go:47.10,47.39 1 0
github.com/miketmoore/pathfinding/dijkstra.go:47.39,49.5 1 0
github.com/miketmoore/pathfinding/dijkstra.go:57.47,60.15 2 0
github.com/miketmoore/pathfinding/dijkstra.go:65.3,69.30 3 0
github.com/miketmoore/pathfinding/dijkstra.go:86.3,88.30 3 0
github.com/miketmoore/pathfinding/dijkstra.go:94.3,94.18 1 0
github.com/miketmoore/pathfinding/dijkstra.go:60.15,63.4 1 0
github.com/miketmoore/pathfinding/dijkstra.go:69.30,73.11 2 0
github.com/miketmoore/pathfinding/dijkstra.go:77.4,82.27 2 0
github.com/miketmoore/pathfinding/dijkstra.go:73.11,76.5 1 0
github.com/miketmoore/pathfinding/dijkstra.go:88.30,89.33 1 0
github.com/miketmoore/pathfinding/dijkstra.go:89.33,91.5 1 0
github.com/miketmoore/pathfinding/dijkstra.go:94.18,97.4 1 0
github.com/miketmoore/pathfinding/dijkstra.go:97.9,104.4 2 0
github.com/miketmoore/pathfinding/graph.go:13.24,18.2 1 1
github.com/miketmoore/pathfinding/graph.go:26.42,36.2 3 1
github.com/miketmoore/pathfinding/graph.go:38.48,42.2 3 1
github.com/miketmoore/pathfinding/graph.go:44.53,48.2 3 1
github.com/miketmoore/pathfinding/graph.go:55.27,61.2 1 1
github.com/miketmoore/pathfinding/graph.go:63.47,64.36 1 1
github.com/miketmoore/pathfinding/graph.go:69.2,69.12 1 1
github.com/miketmoore/pathfinding/graph.go:64.36,65.19 1 1
github.com/miketmoore/pathfinding/graph.go:65.19,67.4 1 1
github.com/miketmoore/pathfinding/graph.go:72.68,77.18 4 1
github.com/miketmoore/pathfinding/graph.go:80.2,81.18 2 1
github.com/miketmoore/pathfinding/graph.go:84.2,90.9 3 1
github.com/miketmoore/pathfinding/graph.go:77.18,79.3 1 1
github.com/miketmoore/pathfinding/graph.go:81.18,83.3 1 1
github.com/miketmoore/pathfinding/graph.go:90.9,92.3 1 1
github.com/miketmoore/pathfinding/graph.go:95.52,96.31 1 1
github.com/miketmoore/pathfinding/graph.go:102.2,102.19 1 1
github.com/miketmoore/pathfinding/graph.go:96.31,98.53 1 1
github.com/miketmoore/pathfinding/graph.go:98.53,100.4 1 1
github.com/miketmoore/pathfinding/graph.go:105.55,108.36 2 1
github.com/miketmoore/pathfinding/graph.go:114.2,114.17 1 1
github.com/miketmoore/pathfinding/graph.go:108.36,109.59 1 1
github.com/miketmoore/pathfinding/graph.go:109.59,111.4 1 1
github.com/miketmoore/pathfinding/graph.go:117.63,120.32 2 1
github.com/miketmoore/pathfinding/graph.go:130.2,130.17 1 1
github.com/miketmoore/pathfinding/graph.go:120.32,122.35 2 1
github.com/miketmoore/pathfinding/graph.go:122.35,124.11 2 1
github.com/miketmoore/pathfinding/graph.go:124.11,126.5 1 1
github.com/miketmoore/pathfinding/graph.go:133.52,135.31 2 1
github.com/miketmoore/pathfinding/graph.go:139.2,139.31 1 1
github.com/miketmoore/pathfinding/graph.go:147.2,148.14 2 1
github.com/miketmoore/pathfinding/graph.go:135.31,137.3 1 1
github.com/miketmoore/pathfinding/graph.go:139.31,140.20 1 1
github.com/miketmoore/pathfinding/graph.go:140.20,142.4 1 1
github.com/miketmoore/pathfinding/graph.go:142.9,142.32 1 1
github.com/miketmoore/pathfinding/graph.go:142.32,144.4 1 1
